warning: unused variable: `m`
   --> crates/core/src/lib.rs:127:35
    |
127 |                     .map_err(|(e, m)| e)
    |                                   ^ help: if this is intentional, prefix it with an underscore: `_m`
    |
    = note: `#[warn(unused_variables)]` on by default

warning: fields `producer` and `consumer` are never read
  --> crates/core/src/lib.rs:68:9
   |
63 |     pub struct Common {
   |                ------ fields in this struct
...
68 |         producer: DebugShim<rdkafka::producer::FutureProducer>,
   |         ^^^^^^^^
69 |         #[cfg(feature = "kafka")]
70 |         consumer: DebugShim<rdkafka::consumer::StreamConsumer>,
   |         ^^^^^^^^
   |
   = note: `Common` has a derived impl for the trait `Debug`, but this is intentionally ignored during dead code analysis
   = note: `#[warn(dead_code)]` on by default

warning: `holaplex-hub-core` (lib) generated 2 warnings (run `cargo fix --lib -p holaplex-hub-core` to apply 1 suggestion)
warning: unused variable: `c`
 --> crates/test/src/main.rs:7:16
  |
7 |     core::run(|c, Args| {
  |                ^ help: if this is intentional, prefix it with an underscore: `_c`
  |
  = note: `#[warn(unused_variables)]` on by default

warning: `holaplex-hub-test` (bin "holaplex-hub-test") generated 1 warning (run `cargo fix --bin "holaplex-hub-test"` to apply 1 suggestion)
    Finished dev [unoptimized + debuginfo] target(s) in 0.17s
     Running `target/debug/holaplex-hub-test`
[2023-01-03T22:17:17Z ERROR librdkafka] librdkafka: FAIL [thrd:GroupCoordinator]: GroupCoordinator: hub-eventbus-0.dev.holaplex.tools:31092: Failed to resolve 'hub-eventbus-0.dev.holaplex.tools:31092': nodename nor servname provided, or not known (after 2ms in state CONNECT)
[2023-01-03T22:17:17Z ERROR librdkafka] librdkafka: FAIL [thrd:GroupCoordinator]: GroupCoordinator: hub-eventbus-0.dev.holaplex.tools:31092: Failed to resolve 'hub-eventbus-0.dev.holaplex.tools:31092': nodename nor servname provided, or not known (after 0ms in state CONNECT, 1 identical error(s) suppressed)
[2023-01-03T22:17:46Z ERROR rdkafka::client] librdkafka: Global error: Resolve (Local: Host resolution failure): GroupCoordinator: hub-eventbus-0.dev.holaplex.tools:31092: Failed to resolve 'hub-eventbus-0.dev.holaplex.tools:31092': nodename nor servname provided, or not known (after 2ms in state CONNECT)
[2023-01-03T22:17:46Z ERROR rdkafka::client] librdkafka: Global error: Resolve (Local: Host resolution failure): GroupCoordinator: hub-eventbus-0.dev.holaplex.tools:31092: Failed to resolve 'hub-eventbus-0.dev.holaplex.tools:31092': nodename nor servname provided, or not known (after 0ms in state CONNECT, 1 identical error(s) suppressed)
[2023-01-03T22:17:47Z ERROR holaplex_hub_core::runtime] Failed to initialize runtime: Failed to send test message
    
    Caused by:
        0: Message production error: UnknownTopicOrPartition (Broker: Unknown topic or partition)
        1: UnknownTopicOrPartition (Broker: Unknown topic or partition)
